C:\Users\m.kovachev\source\repos\TUSofiaProject\TUSofiaProject\ClientApp\dist\out-tsc\src\app\app.component.js
C:\Users\m.kovachev\source\repos\TUSofiaProject\TUSofiaProject\ClientApp\dist\out-tsc\src\app\app.component.js.map
C:\Users\m.kovachev\source\repos\TUSofiaProject\TUSofiaProject\ClientApp\dist\out-tsc\src\app\services\files-transfer.service.js
C:\Users\m.kovachev\source\repos\TUSofiaProject\TUSofiaProject\ClientApp\dist\out-tsc\src\app\services\files-transfer.service.js.map
C:\Users\m.kovachev\source\repos\TUSofiaProject\TUSofiaProject\ClientApp\dist\out-tsc\src\app\dashboard\dashboard.component.js
C:\Users\m.kovachev\source\repos\TUSofiaProject\TUSofiaProject\ClientApp\dist\out-tsc\src\app\dashboard\dashboard.component.js.map
C:\Users\m.kovachev\source\repos\TUSofiaProject\TUSofiaProject\ClientApp\dist\out-tsc\src\app\upload\upload.component.js
C:\Users\m.kovachev\source\repos\TUSofiaProject\TUSofiaProject\ClientApp\dist\out-tsc\src\app\upload\upload.component.js.map
C:\Users\m.kovachev\source\repos\TUSofiaProject\TUSofiaProject\ClientApp\dist\out-tsc\src\app\login\login.component.js
C:\Users\m.kovachev\source\repos\TUSofiaProject\TUSofiaProject\ClientApp\dist\out-tsc\src\app\login\login.component.js.map
C:\Users\m.kovachev\source\repos\TUSofiaProject\TUSofiaProject\ClientApp\dist\out-tsc\src\app\app.routing.js
C:\Users\m.kovachev\source\repos\TUSofiaProject\TUSofiaProject\ClientApp\dist\out-tsc\src\app\app.routing.js.map
C:\Users\m.kovachev\source\repos\TUSofiaProject\TUSofiaProject\ClientApp\dist\out-tsc\src\app\services\auth.interceptor.js
C:\Users\m.kovachev\source\repos\TUSofiaProject\TUSofiaProject\ClientApp\dist\out-tsc\src\app\services\auth.interceptor.js.map
C:\Users\m.kovachev\source\repos\TUSofiaProject\TUSofiaProject\ClientApp\dist\out-tsc\src\app\app.module.js
C:\Users\m.kovachev\source\repos\TUSofiaProject\TUSofiaProject\ClientApp\dist\out-tsc\src\app\app.module.js.map
C:\Users\m.kovachev\source\repos\TUSofiaProject\TUSofiaProject\ClientApp\dist\out-tsc\src\environments\environment.js
C:\Users\m.kovachev\source\repos\TUSofiaProject\TUSofiaProject\ClientApp\dist\out-tsc\src\environments\environment.js.map
C:\Users\m.kovachev\source\repos\TUSofiaProject\TUSofiaProject\ClientApp\dist\out-tsc\src\main.js
C:\Users\m.kovachev\source\repos\TUSofiaProject\TUSofiaProject\ClientApp\dist\out-tsc\src\main.js.map
C:\Users\m.kovachev\source\repos\TUSofiaProject\TUSofiaProject\ClientApp\dist\out-tsc\src\polyfills.js
C:\Users\m.kovachev\source\repos\TUSofiaProject\TUSofiaProject\ClientApp\dist\out-tsc\src\polyfills.js.map
C:\Users\m.kovachev\source\repos\TUSofiaProject\TUSofiaProject\ClientApp\dist\out-tsc\src\test.js
C:\Users\m.kovachev\source\repos\TUSofiaProject\TUSofiaProject\ClientApp\dist\out-tsc\src\test.js.map
C:\Users\m.kovachev\source\repos\TUSofiaProject\TUSofiaProject\ClientApp\dist\out-tsc\e2e\src\app.po.js
C:\Users\m.kovachev\source\repos\TUSofiaProject\TUSofiaProject\ClientApp\dist\out-tsc\e2e\src\app.po.js.map
C:\Users\m.kovachev\source\repos\TUSofiaProject\TUSofiaProject\ClientApp\dist\out-tsc\e2e\src\app.e2e-spec.js
C:\Users\m.kovachev\source\repos\TUSofiaProject\TUSofiaProject\ClientApp\dist\out-tsc\e2e\src\app.e2e-spec.js.map
C:\Users\m.kovachev\source\repos\TUSofiaProject\TUSofiaProject\ClientApp\dist\out-tsc\src\app\app.component.spec.js
C:\Users\m.kovachev\source\repos\TUSofiaProject\TUSofiaProject\ClientApp\dist\out-tsc\src\app\app.component.spec.js.map
C:\Users\m.kovachev\source\repos\TUSofiaProject\TUSofiaProject\ClientApp\dist\out-tsc\src\environments\environment.prod.js
C:\Users\m.kovachev\source\repos\TUSofiaProject\TUSofiaProject\ClientApp\dist\out-tsc\src\environments\environment.prod.js.map
C:\Users\m.kovachev\source\repos\TUSofiaProject\TUSofiaProject\ClientApp\dist\out-tsc\src\app\dashboard\dashboard.component.spec.js
C:\Users\m.kovachev\source\repos\TUSofiaProject\TUSofiaProject\ClientApp\dist\out-tsc\src\app\dashboard\dashboard.component.spec.js.map
C:\Users\m.kovachev\source\repos\TUSofiaProject\TUSofiaProject\ClientApp\dist\out-tsc\src\app\login\login.component.spec.js
C:\Users\m.kovachev\source\repos\TUSofiaProject\TUSofiaProject\ClientApp\dist\out-tsc\src\app\login\login.component.spec.js.map
C:\Users\m.kovachev\source\repos\TUSofiaProject\TUSofiaProject\ClientApp\dist\out-tsc\src\app\services\files-transfer.service.spec.js
C:\Users\m.kovachev\source\repos\TUSofiaProject\TUSofiaProject\ClientApp\dist\out-tsc\src\app\services\files-transfer.service.spec.js.map
C:\Users\m.kovachev\source\repos\TUSofiaProject\TUSofiaProject\ClientApp\dist\out-tsc\src\app\upload\upload.component.spec.js
C:\Users\m.kovachev\source\repos\TUSofiaProject\TUSofiaProject\ClientApp\dist\out-tsc\src\app\upload\upload.component.spec.js.map
